[2020-06-05 14:48:06,786: WARNING/MainProcess] /home/ansh/Desktop/teesco-backend/env/lib/python3.7/site-packages/celery/fixups/django.py:203: UserWarning: Using settings.DEBUG leads to a memory
            leak, never use this setting in production environments!
  leak, never use this setting in production environments!''')
[2020-06-05 14:48:07,152: WARNING/MainProcess] Mock email service:
[2020-06-05 14:48:07,152: WARNING/MainProcess] Subject:
[2020-06-05 14:48:07,152: WARNING/MainProcess] OTP to Reset your Password
[2020-06-05 14:48:07,152: WARNING/MainProcess] Recipients:
[2020-06-05 14:48:07,152: WARNING/MainProcess] test@gmail.com
[2020-06-05 14:48:07,153: WARNING/MainProcess] Body:
[2020-06-05 14:48:07,153: WARNING/MainProcess] Dear user,</br></br>                <b>The OTP to reset your password is 10813</b>.</br>                Please do not share it with anyone.</br>                </br>                Best Regards,</br>                E-Cell NITRR Open Source
[2020-06-05 14:48:07,185: WARNING/MainProcess] Mock email service:
[2020-06-05 14:48:07,185: WARNING/MainProcess] Subject:
[2020-06-05 14:48:07,185: WARNING/MainProcess] OTP to Reset your Password
[2020-06-05 14:48:07,185: WARNING/MainProcess] Recipients:
[2020-06-05 14:48:07,185: WARNING/MainProcess] test@gmail.com
[2020-06-05 14:48:07,185: WARNING/MainProcess] Body:
[2020-06-05 14:48:07,185: WARNING/MainProcess] Dear user,</br></br>                <b>The OTP to reset your password is 40872</b>.</br>                Please do not share it with anyone.</br>                </br>                Best Regards,</br>                E-Cell NITRR Open Source
[2020-06-05 14:48:07,190: WARNING/MainProcess] Mock email service:
[2020-06-05 14:48:07,190: WARNING/MainProcess] Subject:
[2020-06-05 14:48:07,191: WARNING/MainProcess] OTP to Reset your Password
[2020-06-05 14:48:07,191: WARNING/MainProcess] Recipients:
[2020-06-05 14:48:07,191: WARNING/MainProcess] test@gmail.com
[2020-06-05 14:48:07,191: WARNING/MainProcess] Body:
[2020-06-05 14:48:07,191: WARNING/MainProcess] Dear user,</br></br>                <b>The OTP to reset your password is 47118</b>.</br>                Please do not share it with anyone.</br>                </br>                Best Regards,</br>                E-Cell NITRR Open Source
[2020-06-05 14:48:07,195: WARNING/MainProcess] Mock email service:
[2020-06-05 14:48:07,196: WARNING/MainProcess] Subject:
[2020-06-05 14:48:07,196: WARNING/MainProcess] OTP to Reset your Password
[2020-06-05 14:48:07,196: WARNING/MainProcess] Recipients:
[2020-06-05 14:48:07,196: WARNING/MainProcess] test@gmail.com
[2020-06-05 14:48:07,196: WARNING/MainProcess] Body:
[2020-06-05 14:48:07,196: WARNING/MainProcess] Dear user,</br></br>                <b>The OTP to reset your password is 78517</b>.</br>                Please do not share it with anyone.</br>                </br>                Best Regards,</br>                E-Cell NITRR Open Source
[2020-06-05 14:48:07,201: WARNING/MainProcess] Mock email service:
[2020-06-05 14:48:07,201: WARNING/MainProcess] Subject:
[2020-06-05 14:48:07,201: WARNING/MainProcess] OTP to Reset your Password
[2020-06-05 14:48:07,201: WARNING/MainProcess] Recipients:
[2020-06-05 14:48:07,201: WARNING/MainProcess] test@gmail.com
[2020-06-05 14:48:07,201: WARNING/MainProcess] Body:
[2020-06-05 14:48:07,201: WARNING/MainProcess] Dear user,</br></br>                <b>The OTP to reset your password is 33455</b>.</br>                Please do not share it with anyone.</br>                </br>                Best Regards,</br>                E-Cell NITRR Open Source
[2020-06-05 14:48:07,205: WARNING/MainProcess] Mock email service:
[2020-06-05 14:48:07,205: WARNING/MainProcess] Subject:
[2020-06-05 14:48:07,206: WARNING/MainProcess] OTP to Reset your Password
[2020-06-05 14:48:07,206: WARNING/MainProcess] Recipients:
[2020-06-05 14:48:07,206: WARNING/MainProcess] test@gmail.com
[2020-06-05 14:48:07,206: WARNING/MainProcess] Body:
[2020-06-05 14:48:07,206: WARNING/MainProcess] Dear user,</br></br>                <b>The OTP to reset your password is 11452</b>.</br>                Please do not share it with anyone.</br>                </br>                Best Regards,</br>                E-Cell NITRR Open Source
[2020-06-05 14:48:07,209: WARNING/MainProcess] Mock email service:
[2020-06-05 14:48:07,210: WARNING/MainProcess] Subject:
[2020-06-05 14:48:07,210: WARNING/MainProcess] OTP to Reset your Password
[2020-06-05 14:48:07,210: WARNING/MainProcess] Recipients:
[2020-06-05 14:48:07,210: WARNING/MainProcess] test@gmail.com
[2020-06-05 14:48:07,210: WARNING/MainProcess] Body:
[2020-06-05 14:48:07,210: WARNING/MainProcess] Dear user,</br></br>                <b>The OTP to reset your password is 38829</b>.</br>                Please do not share it with anyone.</br>                </br>                Best Regards,</br>                E-Cell NITRR Open Source
[2020-06-05 14:48:07,215: WARNING/MainProcess] Mock email service:
[2020-06-05 14:48:07,215: WARNING/MainProcess] Subject:
[2020-06-05 14:48:07,215: WARNING/MainProcess] OTP to Reset your Password
[2020-06-05 14:48:07,215: WARNING/MainProcess] Recipients:
[2020-06-05 14:48:07,215: WARNING/MainProcess] test@gmail.com
[2020-06-05 14:48:07,215: WARNING/MainProcess] Body:
[2020-06-05 14:48:07,215: WARNING/MainProcess] Dear user,</br></br>                <b>The OTP to reset your password is 82324</b>.</br>                Please do not share it with anyone.</br>                </br>                Best Regards,</br>                E-Cell NITRR Open Source
[2020-06-05 14:48:07,219: WARNING/MainProcess] Mock email service:
[2020-06-05 14:48:07,220: WARNING/MainProcess] Subject:
[2020-06-05 14:48:07,220: WARNING/MainProcess] OTP to Reset your Password
[2020-06-05 14:48:07,220: WARNING/MainProcess] Recipients:
[2020-06-05 14:48:07,220: WARNING/MainProcess] test@gmail.com
[2020-06-05 14:48:07,220: WARNING/MainProcess] Body:
[2020-06-05 14:48:07,220: WARNING/MainProcess] Dear user,</br></br>                <b>The OTP to reset your password is 11967</b>.</br>                Please do not share it with anyone.</br>                </br>                Best Regards,</br>                E-Cell NITRR Open Source
[2020-06-05 14:48:07,224: WARNING/MainProcess] Mock email service:
[2020-06-05 14:48:07,224: WARNING/MainProcess] Subject:
[2020-06-05 14:48:07,224: WARNING/MainProcess] OTP to Reset your Password
[2020-06-05 14:48:07,224: WARNING/MainProcess] Recipients:
[2020-06-05 14:48:07,224: WARNING/MainProcess] test@gmail.com
[2020-06-05 14:48:07,224: WARNING/MainProcess] Body:
[2020-06-05 14:48:07,224: WARNING/MainProcess] Dear user,</br></br>                <b>The OTP to reset your password is 52012</b>.</br>                Please do not share it with anyone.</br>                </br>                Best Regards,</br>                E-Cell NITRR Open Source
[2020-06-05 14:48:07,228: WARNING/MainProcess] Mock email service:
[2020-06-05 14:48:07,228: WARNING/MainProcess] Subject:
[2020-06-05 14:48:07,228: WARNING/MainProcess] OTP to Reset your Password
[2020-06-05 14:48:07,228: WARNING/MainProcess] Recipients:
[2020-06-05 14:48:07,228: WARNING/MainProcess] test@gmail.com
[2020-06-05 14:48:07,228: WARNING/MainProcess] Body:
[2020-06-05 14:48:07,228: WARNING/MainProcess] Dear user,</br></br>                <b>The OTP to reset your password is 03527</b>.</br>                Please do not share it with anyone.</br>                </br>                Best Regards,</br>                E-Cell NITRR Open Source
[2020-06-05 14:48:07,232: WARNING/MainProcess] Mock email service:
[2020-06-05 14:48:07,232: WARNING/MainProcess] Subject:
[2020-06-05 14:48:07,233: WARNING/MainProcess] OTP to Reset your Password
[2020-06-05 14:48:07,233: WARNING/MainProcess] Recipients:
[2020-06-05 14:48:07,233: WARNING/MainProcess] test@gmail.com
[2020-06-05 14:48:07,233: WARNING/MainProcess] Body:
[2020-06-05 14:48:07,233: WARNING/MainProcess] Dear user,</br></br>                <b>The OTP to reset your password is 03504</b>.</br>                Please do not share it with anyone.</br>                </br>                Best Regards,</br>                E-Cell NITRR Open Source
[2020-06-05 14:48:07,238: WARNING/MainProcess] Mock email service:
[2020-06-05 14:48:07,238: WARNING/MainProcess] Subject:
[2020-06-05 14:48:07,238: WARNING/MainProcess] OTP to Reset your Password
[2020-06-05 14:48:07,238: WARNING/MainProcess] Recipients:
[2020-06-05 14:48:07,238: WARNING/MainProcess] test@gmail.com
[2020-06-05 14:48:07,239: WARNING/MainProcess] Body:
[2020-06-05 14:48:07,239: WARNING/MainProcess] Dear user,</br></br>                <b>The OTP to reset your password is 25592</b>.</br>                Please do not share it with anyone.</br>                </br>                Best Regards,</br>                E-Cell NITRR Open Source
[2020-06-05 14:48:07,244: WARNING/MainProcess] Mock email service:
[2020-06-05 14:48:07,244: WARNING/MainProcess] Subject:
[2020-06-05 14:48:07,244: WARNING/MainProcess] OTP to Reset your Password
[2020-06-05 14:48:07,244: WARNING/MainProcess] Recipients:
[2020-06-05 14:48:07,244: WARNING/MainProcess] test@gmail.com
[2020-06-05 14:48:07,244: WARNING/MainProcess] Body:
[2020-06-05 14:48:07,244: WARNING/MainProcess] Dear user,</br></br>                <b>The OTP to reset your password is 83309</b>.</br>                Please do not share it with anyone.</br>                </br>                Best Regards,</br>                E-Cell NITRR Open Source
[2020-06-05 14:48:07,250: WARNING/MainProcess] Mock email service:
[2020-06-05 14:48:07,250: WARNING/MainProcess] Subject:
[2020-06-05 14:48:07,250: WARNING/MainProcess] OTP to Reset your Password
[2020-06-05 14:48:07,250: WARNING/MainProcess] Recipients:
[2020-06-05 14:48:07,251: WARNING/MainProcess] test@gmail.com
[2020-06-05 14:48:07,251: WARNING/MainProcess] Body:
[2020-06-05 14:48:07,251: WARNING/MainProcess] Dear user,</br></br>                <b>The OTP to reset your password is 52096</b>.</br>                Please do not share it with anyone.</br>                </br>                Best Regards,</br>                E-Cell NITRR Open Source
[2020-06-05 14:48:07,258: WARNING/MainProcess] Mock email service:
[2020-06-05 14:48:07,258: WARNING/MainProcess] Subject:
[2020-06-05 14:48:07,259: WARNING/MainProcess] OTP to Reset your Password
[2020-06-05 14:48:07,260: WARNING/MainProcess] Recipients:
[2020-06-05 14:48:07,260: WARNING/MainProcess] user@example.com
[2020-06-05 14:48:07,260: WARNING/MainProcess] Body:
[2020-06-05 14:48:07,261: WARNING/MainProcess] Dear user,</br></br>                <b>The OTP to reset your password is 71946</b>.</br>                Please do not share it with anyone.</br>                </br>                Best Regards,</br>                E-Cell NITRR Open Source
[2020-06-05 14:48:07,264: WARNING/MainProcess] Mock email service:
[2020-06-05 14:48:07,264: WARNING/MainProcess] Subject:
[2020-06-05 14:48:07,264: WARNING/MainProcess] OTP to Reset your Password
[2020-06-05 14:48:07,264: WARNING/MainProcess] Recipients:
[2020-06-05 14:48:07,264: WARNING/MainProcess] userndad@example.com
[2020-06-05 14:48:07,264: WARNING/MainProcess] Body:
[2020-06-05 14:48:07,265: WARNING/MainProcess] Dear user,</br></br>                <b>The OTP to reset your password is 13841</b>.</br>                Please do not share it with anyone.</br>                </br>                Best Regards,</br>                E-Cell NITRR Open Source
[2020-06-05 14:48:07,268: WARNING/MainProcess] Mock email service:
[2020-06-05 14:48:07,268: WARNING/MainProcess] Subject:
[2020-06-05 14:48:07,268: WARNING/MainProcess] OTP to Reset your Password
[2020-06-05 14:48:07,269: WARNING/MainProcess] Recipients:
[2020-06-05 14:48:07,269: WARNING/MainProcess] test@gmail.com
[2020-06-05 14:48:07,269: WARNING/MainProcess] Body:
[2020-06-05 14:48:07,269: WARNING/MainProcess] Dear user,</br></br>                <b>The OTP to reset your password is 97611</b>.</br>                Please do not share it with anyone.</br>                </br>                Best Regards,</br>                E-Cell NITRR Open Source
